This is pdfTeX, Version 3.1415926-1.40.10 (TeX Live 2009/Debian) (format=pdflatex 2012.9.10)  4 DEC 2012 18:22
entering extended mode
 %&-line parsing enabled.
**hw7.tex
(./hw7.tex
LaTeX2e <2009/09/24>
Babel <v3.8l> and hyphenation patterns for english, usenglishmax, dumylang, noh
yphenation, loaded.
(/usr/share/texmf-texlive/tex/latex/base/article.cls
Document Class: article 2007/10/19 v1.4h Standard LaTeX document class
(/usr/share/texmf-texlive/tex/latex/base/size10.clo
File: size10.clo 2007/10/19 v1.4h Standard LaTeX file (size option)
)
\c@part=\count79
\c@section=\count80
\c@subsection=\count81
\c@subsubsection=\count82
\c@paragraph=\count83
\c@subparagraph=\count84
\c@figure=\count85
\c@table=\count86
\abovecaptionskip=\skip41
\belowcaptionskip=\skip42
\bibindent=\dimen102
)
(/usr/share/texmf-texlive/tex/latex/graphics/graphicx.sty
Package: graphicx 1999/02/16 v1.0f Enhanced LaTeX Graphics (DPC,SPQR)

(/usr/share/texmf-texlive/tex/latex/graphics/keyval.sty
Package: keyval 1999/03/16 v1.13 key=value parser (DPC)
\KV@toks@=\toks14
)
(/usr/share/texmf-texlive/tex/latex/graphics/graphics.sty
Package: graphics 2009/02/05 v1.0o Standard LaTeX Graphics (DPC,SPQR)

(/usr/share/texmf-texlive/tex/latex/graphics/trig.sty
Package: trig 1999/03/16 v1.09 sin cos tan (DPC)
)
(/etc/texmf/tex/latex/config/graphics.cfg
File: graphics.cfg 2009/08/28 v1.8 graphics configuration of TeX Live
)
Package graphics Info: Driver file: pdftex.def on input line 91.

(/usr/share/texmf-texlive/tex/latex/pdftex-def/pdftex.def
File: pdftex.def 2010/03/12 v0.04p Graphics/color for pdfTeX
\Gread@gobject=\count87
))
\Gin@req@height=\dimen103
\Gin@req@width=\dimen104
) (./hw7.aux)
\openout1 = `hw7.aux'.

LaTeX Font Info:    Checking defaults for OML/cmm/m/it on input line 3.
LaTeX Font Info:    ... okay on input line 3.
LaTeX Font Info:    Checking defaults for T1/cmr/m/n on input line 3.
LaTeX Font Info:    ... okay on input line 3.
LaTeX Font Info:    Checking defaults for OT1/cmr/m/n on input line 3.
LaTeX Font Info:    ... okay on input line 3.
LaTeX Font Info:    Checking defaults for OMS/cmsy/m/n on input line 3.
LaTeX Font Info:    ... okay on input line 3.
LaTeX Font Info:    Checking defaults for OMX/cmex/m/n on input line 3.
LaTeX Font Info:    ... okay on input line 3.
LaTeX Font Info:    Checking defaults for U/cmr/m/n on input line 3.
LaTeX Font Info:    ... okay on input line 3.

(/usr/share/texmf-texlive/tex/context/base/supp-pdf.mkii
[Loading MPS to PDF converter (version 2006.09.02).]
\scratchcounter=\count88
\scratchdimen=\dimen105
\scratchbox=\box26
\nofMPsegments=\count89
\nofMParguments=\count90
\everyMPshowfont=\toks15
\MPscratchCnt=\count91
\MPscratchDim=\dimen106
\MPnumerator=\count92
\everyMPtoPDFconversion=\toks16
)
LaTeX Font Info:    External font `cmex10' loaded for size
(Font)              <12> on input line 6.
LaTeX Font Info:    External font `cmex10' loaded for size
(Font)              <8> on input line 6.
LaTeX Font Info:    External font `cmex10' loaded for size
(Font)              <6> on input line 6.
 <scatterplot1.pdf, id=1, 505.89pt x 722.7pt>
File: scatterplot1.pdf Graphic file (type pdf)
 <use scatterplot1.pdf>
File: scatterplot1.pdf Graphic file (type pdf)

<use scatterplot1.pdf>
Underfull \hbox (badness 10000) in paragraph at lines 31--31
[]\OT1/cmr/bx/n/14.4 Cumulative Dis-tri-bu-tion
 []

<cdfplot1.pdf, id=2, 505.89pt x 722.7pt>
File: cdfplot1.pdf Graphic file (type pdf)
 <use cdfplot1.pdf>
<cdfplot2.pdf, id=3, 505.89pt x 722.7pt>
File: cdfplot2.pdf Graphic file (type pdf)
 <use cdfplot2.pdf> [1{/var/lib/texmf/fonts/map/pdftex/updmap/pdftex.map}


 <./scatterplot1.pdf>]
LaTeX Font Info:    External font `cmex10' loaded for size
(Font)              <7> on input line 60.
LaTeX Font Info:    External font `cmex10' loaded for size
(Font)              <5> on input line 60.
 [2 <./cdfplot1.pdf> <./cdfplot2.pdf>]
Underfull \hbox (badness 10000) in paragraph at lines 87--93

 []


Underfull \hbox (badness 4886) in paragraph at lines 87--93
\OT1/cmr/m/n/10 204.8.155.227 is re-ported to be in Ar-gentina
 []


Underfull \hbox (badness 10000) in paragraph at lines 87--93

 []


Underfull \hbox (badness 3209) in paragraph at lines 87--93
\OT1/cmr/m/n/10 140.112.107.82 is re-ported to be in Aus-tralia,
 []


Underfull \hbox (badness 10000) in paragraph at lines 87--93

 []


Underfull \hbox (badness 10000) in paragraph at lines 87--93

 []


Underfull \hbox (badness 10000) in paragraph at lines 87--93

 []


Underfull \hbox (badness 1122) in paragraph at lines 94--94
[]\OT1/cmr/bx/n/12 Sites/Countries with poor con-
 []


Underfull \hbox (badness 1057) in paragraph at lines 95--120
\OT1/cmr/m/n/10 A ta-ble con-sist-ing of source IP, des-ti-na-tion IP,
 []


Underfull \hbox (badness 10000) in paragraph at lines 95--120

 []


Underfull \hbox (badness 1484) in paragraph at lines 95--120
\OT1/cmr/m/n/10 The be-low ta-ble shows the IPs that were not
 []


Underfull \hbox (badness 10000) in paragraph at lines 95--120

 []


Underfull \hbox (badness 10000) in paragraph at lines 95--120

 []


Underfull \hbox (badness 10000) in paragraph at lines 95--120

 []


Underfull \hbox (badness 10000) in paragraph at lines 95--120

 []

[3]
Underfull \hbox (badness 10000) in paragraph at lines 121--129

 []


Underfull \hbox (badness 10000) in paragraph at lines 121--129

 []


Underfull \hbox (badness 10000) in paragraph at lines 137--148

 []


Underfull \hbox (badness 10000) in paragraph at lines 137--148

 []


Underfull \hbox (badness 10000) in paragraph at lines 137--148

 []

[4] (./hw7.aux) ) 
Here is how much of TeX's memory you used:
 930 strings out of 495061
 11565 string characters out of 1182621
 65570 words of memory out of 3000000
 4154 multiletter control sequences out of 15000+50000
 7587 words of font info for 27 fonts, out of 3000000 for 9000
 28 hyphenation exceptions out of 8191
 25i,8n,19p,660b,214s stack positions out of 5000i,500n,10000p,200000b,50000s
</usr/share/texmf-texlive/fonts/type1/public/amsfonts/cm/cmbx1
2.pfb></usr/share/texmf-texlive/fonts/type1/public/amsfonts/cm/cmex10.pfb></usr
/share/texmf-texlive/fonts/type1/public/amsfonts/cm/cmmi10.pfb></usr/share/texm
f-texlive/fonts/type1/public/amsfonts/cm/cmmi5.pfb></usr/share/texmf-texlive/fo
nts/type1/public/amsfonts/cm/cmmi7.pfb></usr/share/texmf-texlive/fonts/type1/pu
blic/amsfonts/cm/cmr10.pfb></usr/share/texmf-texlive/fonts/type1/public/amsfont
s/cm/cmr12.pfb></usr/share/texmf-texlive/fonts/type1/public/amsfonts/cm/cmr17.p
fb></usr/share/texmf-texlive/fonts/type1/public/amsfonts/cm/cmr7.pfb></usr/shar
e/texmf-texlive/fonts/type1/public/amsfonts/cm/cmsy10.pfb></usr/share/texmf-tex
live/fonts/type1/public/amsfonts/cm/cmsy7.pfb>
Output written on hw7.pdf (4 pages, 267703 bytes).
PDF statistics:
 71 PDF objects out of 1000 (max. 8388607)
 0 named destinations out of 1000 (max. 500000)
 16 words of extra memory for PDF output out of 10000 (max. 10000000)

